starting worker pid=3412078 on localhost:11472 at 10:54:41.542
starting worker pid=3412099 on localhost:11472 at 10:54:42.043
starting worker pid=3412133 on localhost:11472 at 10:54:42.542
starting worker pid=3412155 on localhost:11472 at 10:54:43.041
starting worker pid=3412189 on localhost:11472 at 10:54:43.539
starting worker pid=3412207 on localhost:11472 at 10:54:44.038
starting worker pid=3412241 on localhost:11472 at 10:54:44.538
starting worker pid=3412263 on localhost:11472 at 10:54:45.036
starting worker pid=3412296 on localhost:11472 at 10:54:45.536
starting worker pid=3412315 on localhost:11472 at 10:54:46.036
# #FEATURE  FEATURE1  2chr17    5747330    5747331    inv01.bp01    5747330  chr17    6957918    6957919    inv01.bp02    6957918
 
# FEATURE 3 chr17    7435307    7435308    inv02.bp01    7435308 
# FEATURE 4 chr17    13016509    13016510    inv02.bp02    13016510 
# FEATURE 5 chr17    14068228    14068229    inv03.bp01    14068228 
# FEATURE 6 chr17    18051506    18051507    inv03.bp02    18051506 
##  FEATUREFEATURE  78  chr17    19400999    19401000    inv04.bp01    19401000chr17    40049963    40049964    inv04.bp02    40049964  

##  FEATUREFEATURE  13#  # chr17    24822477    24822477    NA    24822477chr17    63872863    63872863    NA    63872863# FEATURE  # FEATURE 

# FEATURE 4 FEATURE 5 FEATURE 6 chr17    49776769    49776769    NA    49776769 7 chr17    92255576    92255576    NA    92255576 #8 chr17    10181794    10181794    NA    10181794 
  chr17    32138408    32138408    NA    32138408 
FEATUREchr17    63531329    63531329    NA    63531329 
  
2
 chr17    51528002    51528002    NA    51528002 
